  modbus-data.c
D:\Projects\Privat\Modbus\libmodbus\modbus-data.c(76,6): warning C4273: 'modbus_set_bits_from_byte': inconsistent dll linkage
D:\Projects\Privat\Modbus\libmodbus\modbus.h(304,17): message : see previous definition of 'modbus_set_bits_from_byte'
D:\Projects\Privat\Modbus\libmodbus\modbus-data.c(87,6): warning C4273: 'modbus_set_bits_from_bytes': inconsistent dll linkage
D:\Projects\Privat\Modbus\libmodbus\modbus.h(305,17): message : see previous definition of 'modbus_set_bits_from_bytes'
D:\Projects\Privat\Modbus\libmodbus\modbus-data.c(105,9): warning C4273: 'modbus_get_byte_from_bits': inconsistent dll linkage
D:\Projects\Privat\Modbus\libmodbus\modbus.h(309,20): message : see previous definition of 'modbus_get_byte_from_bits'
D:\Projects\Privat\Modbus\libmodbus\modbus-data.c(124,7): warning C4273: 'modbus_get_float_abcd': inconsistent dll linkage
D:\Projects\Privat\Modbus\libmodbus\modbus.h(313,18): message : see previous definition of 'modbus_get_float_abcd'
D:\Projects\Privat\Modbus\libmodbus\modbus-data.c(142,7): warning C4273: 'modbus_get_float_dcba': inconsistent dll linkage
D:\Projects\Privat\Modbus\libmodbus\modbus.h(314,18): message : see previous definition of 'modbus_get_float_dcba'
D:\Projects\Privat\Modbus\libmodbus\modbus-data.c(160,7): warning C4273: 'modbus_get_float_badc': inconsistent dll linkage
D:\Projects\Privat\Modbus\libmodbus\modbus.h(315,18): message : see previous definition of 'modbus_get_float_badc'
D:\Projects\Privat\Modbus\libmodbus\modbus-data.c(178,7): warning C4273: 'modbus_get_float_cdab': inconsistent dll linkage
D:\Projects\Privat\Modbus\libmodbus\modbus.h(316,18): message : see previous definition of 'modbus_get_float_cdab'
D:\Projects\Privat\Modbus\libmodbus\modbus-data.c(196,7): warning C4273: 'modbus_get_float': inconsistent dll linkage
D:\Projects\Privat\Modbus\libmodbus\modbus.h(312,18): message : see previous definition of 'modbus_get_float'
D:\Projects\Privat\Modbus\libmodbus\modbus-data.c(208,6): warning C4273: 'modbus_set_float_abcd': inconsistent dll linkage
D:\Projects\Privat\Modbus\libmodbus\modbus.h(319,17): message : see previous definition of 'modbus_set_float_abcd'
D:\Projects\Privat\Modbus\libmodbus\modbus-data.c(227,6): warning C4273: 'modbus_set_float_dcba': inconsistent dll linkage
D:\Projects\Privat\Modbus\libmodbus\modbus.h(320,17): message : see previous definition of 'modbus_set_float_dcba'
D:\Projects\Privat\Modbus\libmodbus\modbus-data.c(246,6): warning C4273: 'modbus_set_float_badc': inconsistent dll linkage
D:\Projects\Privat\Modbus\libmodbus\modbus.h(321,17): message : see previous definition of 'modbus_set_float_badc'
D:\Projects\Privat\Modbus\libmodbus\modbus-data.c(265,6): warning C4273: 'modbus_set_float_cdab': inconsistent dll linkage
D:\Projects\Privat\Modbus\libmodbus\modbus.h(322,17): message : see previous definition of 'modbus_set_float_cdab'
D:\Projects\Privat\Modbus\libmodbus\modbus-data.c(284,6): warning C4273: 'modbus_set_float': inconsistent dll linkage
D:\Projects\Privat\Modbus\libmodbus\modbus.h(318,17): message : see previous definition of 'modbus_set_float'
  modbus-rtu.c
D:\Projects\Privat\Modbus\libmodbus\modbus-rtu.c(880,5): warning C4273: 'modbus_rtu_set_serial_mode': inconsistent dll linkage
D:\Projects\Privat\Modbus\libmodbus\modbus-rtu.h(25,16): message : see previous definition of 'modbus_rtu_set_serial_mode'
D:\Projects\Privat\Modbus\libmodbus\modbus-rtu.c(934,5): warning C4273: 'modbus_rtu_get_serial_mode': inconsistent dll linkage
D:\Projects\Privat\Modbus\libmodbus\modbus-rtu.h(26,16): message : see previous definition of 'modbus_rtu_get_serial_mode'
D:\Projects\Privat\Modbus\libmodbus\modbus-rtu.c(958,5): warning C4273: 'modbus_rtu_get_rts': inconsistent dll linkage
D:\Projects\Privat\Modbus\libmodbus\modbus-rtu.h(33,16): message : see previous definition of 'modbus_rtu_get_rts'
D:\Projects\Privat\Modbus\libmodbus\modbus-rtu.c(982,5): warning C4273: 'modbus_rtu_set_rts': inconsistent dll linkage
D:\Projects\Privat\Modbus\libmodbus\modbus-rtu.h(32,16): message : see previous definition of 'modbus_rtu_set_rts'
D:\Projects\Privat\Modbus\libmodbus\modbus-rtu.c(1018,5): warning C4273: 'modbus_rtu_set_custom_rts': inconsistent dll linkage
D:\Projects\Privat\Modbus\libmodbus\modbus-rtu.h(35,16): message : see previous definition of 'modbus_rtu_set_custom_rts'
D:\Projects\Privat\Modbus\libmodbus\modbus-rtu.c(1043,5): warning C4273: 'modbus_rtu_get_rts_delay': inconsistent dll linkage
D:\Projects\Privat\Modbus\libmodbus\modbus-rtu.h(39,16): message : see previous definition of 'modbus_rtu_get_rts_delay'
D:\Projects\Privat\Modbus\libmodbus\modbus-rtu.c(1068,5): warning C4273: 'modbus_rtu_set_rts_delay': inconsistent dll linkage
D:\Projects\Privat\Modbus\libmodbus\modbus-rtu.h(38,16): message : see previous definition of 'modbus_rtu_set_rts_delay'
D:\Projects\Privat\Modbus\libmodbus\modbus-rtu.c(1208,1): warning C4273: 'modbus_new_rtu': inconsistent dll linkage
D:\Projects\Privat\Modbus\libmodbus\modbus-rtu.h(20,1): message : see previous definition of 'modbus_new_rtu'
  modbus-tcp.c
D:\Projects\Privat\Modbus\libmodbus\modbus-tcp.c(336,14): warning C4244: '=': conversion from 'SOCKET' to 'int', possible loss of data
D:\Projects\Privat\Modbus\libmodbus\modbus-tcp.c(422,13): warning C4244: '=': conversion from 'SOCKET' to 'int', possible loss of data
D:\Projects\Privat\Modbus\libmodbus\modbus-tcp.c(433,49): warning C4267: 'function': conversion from 'size_t' to 'socklen_t', possible loss of data
D:\Projects\Privat\Modbus\libmodbus\modbus-tcp.c(505,5): warning C4273: 'modbus_tcp_listen': inconsistent dll linkage
D:\Projects\Privat\Modbus\libmodbus\modbus-tcp.h(43,16): message : see previous definition of 'modbus_tcp_listen'
D:\Projects\Privat\Modbus\libmodbus\modbus-tcp.c(533,13): warning C4244: '=': conversion from 'SOCKET' to 'int', possible loss of data
D:\Projects\Privat\Modbus\libmodbus\modbus-tcp.c(577,5): warning C4273: 'modbus_tcp_pi_listen': inconsistent dll linkage
D:\Projects\Privat\Modbus\libmodbus\modbus-tcp.h(47,16): message : see previous definition of 'modbus_tcp_pi_listen'
D:\Projects\Privat\Modbus\libmodbus\modbus-tcp.c(644,13): warning C4244: '=': conversion from 'SOCKET' to 'int', possible loss of data
D:\Projects\Privat\Modbus\libmodbus\modbus-tcp.c(663,45): warning C4267: 'function': conversion from 'size_t' to 'int', possible loss of data
D:\Projects\Privat\Modbus\libmodbus\modbus-tcp.c(693,5): warning C4273: 'modbus_tcp_accept': inconsistent dll linkage
D:\Projects\Privat\Modbus\libmodbus\modbus-tcp.h(44,16): message : see previous definition of 'modbus_tcp_accept'
D:\Projects\Privat\Modbus\libmodbus\modbus-tcp.c(708,14): warning C4244: '=': conversion from 'SOCKET' to 'int', possible loss of data
D:\Projects\Privat\Modbus\libmodbus\modbus-tcp.c(727,5): warning C4273: 'modbus_tcp_pi_accept': inconsistent dll linkage
D:\Projects\Privat\Modbus\libmodbus\modbus-tcp.h(48,16): message : see previous definition of 'modbus_tcp_pi_accept'
D:\Projects\Privat\Modbus\libmodbus\modbus-tcp.c(742,14): warning C4244: '=': conversion from 'SOCKET' to 'int', possible loss of data
D:\Projects\Privat\Modbus\libmodbus\modbus-tcp.c(855,11): warning C4273: 'modbus_new_tcp': inconsistent dll linkage
D:\Projects\Privat\Modbus\libmodbus\modbus-tcp.h(42,22): message : see previous definition of 'modbus_new_tcp'
D:\Projects\Privat\Modbus\libmodbus\modbus-tcp.c(919,11): warning C4273: 'modbus_new_tcp_pi': inconsistent dll linkage
D:\Projects\Privat\Modbus\libmodbus\modbus-tcp.h(46,22): message : see previous definition of 'modbus_new_tcp_pi'
  modbus.c
D:\Projects\Privat\Modbus\libmodbus\modbus.c(44,13): warning C4273: 'modbus_strerror': inconsistent dll linkage
D:\Projects\Privat\Modbus\libmodbus\modbus.h(218,24): message : see previous definition of 'modbus_strerror'
D:\Projects\Privat\Modbus\libmodbus\modbus.c(111,5): warning C4273: 'modbus_flush': inconsistent dll linkage
D:\Projects\Privat\Modbus\libmodbus\modbus.h(215,16): message : see previous definition of 'modbus_flush'
D:\Projects\Privat\Modbus\libmodbus\modbus.c(223,5): warning C4273: 'modbus_send_raw_request': inconsistent dll linkage
D:\Projects\Privat\Modbus\libmodbus\modbus.h(258,1): message : see previous definition of 'modbus_send_raw_request'
D:\Projects\Privat\Modbus\libmodbus\modbus.c(525,5): warning C4273: 'modbus_receive': inconsistent dll linkage
D:\Projects\Privat\Modbus\libmodbus\modbus.h(260,16): message : see previous definition of 'modbus_receive'
D:\Projects\Privat\Modbus\libmodbus\modbus.c(543,5): warning C4273: 'modbus_receive_confirmation': inconsistent dll linkage
D:\Projects\Privat\Modbus\libmodbus\modbus.h(262,16): message : see previous definition of 'modbus_receive_confirmation'
D:\Projects\Privat\Modbus\libmodbus\modbus.c(777,5): warning C4273: 'modbus_reply': inconsistent dll linkage
D:\Projects\Privat\Modbus\libmodbus\modbus.h(264,16): message : see previous definition of 'modbus_reply'
D:\Projects\Privat\Modbus\libmodbus\modbus.c(1027,21): warning C4267: '=': conversion from 'size_t' to 'int', possible loss of data
D:\Projects\Privat\Modbus\libmodbus\modbus.c(1140,5): warning C4273: 'modbus_reply_exception': inconsistent dll linkage
D:\Projects\Privat\Modbus\libmodbus\modbus.h(269,1): message : see previous definition of 'modbus_reply_exception'
D:\Projects\Privat\Modbus\libmodbus\modbus.c(1218,5): warning C4273: 'modbus_read_bits': inconsistent dll linkage
D:\Projects\Privat\Modbus\libmodbus\modbus.h(220,16): message : see previous definition of 'modbus_read_bits'
D:\Projects\Privat\Modbus\libmodbus\modbus.c(1247,5): warning C4273: 'modbus_read_input_bits': inconsistent dll linkage
D:\Projects\Privat\Modbus\libmodbus\modbus.h(221,16): message : see previous definition of 'modbus_read_input_bits'
D:\Projects\Privat\Modbus\libmodbus\modbus.c(1322,5): warning C4273: 'modbus_read_registers': inconsistent dll linkage
D:\Projects\Privat\Modbus\libmodbus\modbus.h(222,16): message : see previous definition of 'modbus_read_registers'
D:\Projects\Privat\Modbus\libmodbus\modbus.c(1347,5): warning C4273: 'modbus_read_input_registers': inconsistent dll linkage
D:\Projects\Privat\Modbus\libmodbus\modbus.h(224,1): message : see previous definition of 'modbus_read_input_registers'
D:\Projects\Privat\Modbus\libmodbus\modbus.c(1401,5): warning C4273: 'modbus_write_bit': inconsistent dll linkage
D:\Projects\Privat\Modbus\libmodbus\modbus.h(225,16): message : see previous definition of 'modbus_write_bit'
D:\Projects\Privat\Modbus\libmodbus\modbus.c(1412,5): warning C4273: 'modbus_write_register': inconsistent dll linkage
D:\Projects\Privat\Modbus\libmodbus\modbus.h(226,16): message : see previous definition of 'modbus_write_register'
D:\Projects\Privat\Modbus\libmodbus\modbus.c(1423,5): warning C4273: 'modbus_write_bits': inconsistent dll linkage
D:\Projects\Privat\Modbus\libmodbus\modbus.h(227,16): message : see previous definition of 'modbus_write_bits'
D:\Projects\Privat\Modbus\libmodbus\modbus.c(1486,5): warning C4273: 'modbus_write_registers': inconsistent dll linkage
D:\Projects\Privat\Modbus\libmodbus\modbus.h(229,1): message : see previous definition of 'modbus_write_registers'
D:\Projects\Privat\Modbus\libmodbus\modbus.c(1534,5): warning C4273: 'modbus_mask_write_register': inconsistent dll linkage
D:\Projects\Privat\Modbus\libmodbus\modbus.h(231,1): message : see previous definition of 'modbus_mask_write_register'
D:\Projects\Privat\Modbus\libmodbus\modbus.c(1574,5): warning C4273: 'modbus_write_and_read_registers': inconsistent dll linkage
D:\Projects\Privat\Modbus\libmodbus\modbus.h(232,16): message : see previous definition of 'modbus_write_and_read_registers'
D:\Projects\Privat\Modbus\libmodbus\modbus.c(1655,5): warning C4273: 'modbus_report_slave_id': inconsistent dll linkage
D:\Projects\Privat\Modbus\libmodbus\modbus.h(239,16): message : see previous definition of 'modbus_report_slave_id'
D:\Projects\Privat\Modbus\libmodbus\modbus.c(1719,5): warning C4273: 'modbus_set_slave': inconsistent dll linkage
D:\Projects\Privat\Modbus\libmodbus\modbus.h(187,16): message : see previous definition of 'modbus_set_slave'
D:\Projects\Privat\Modbus\libmodbus\modbus.c(1729,5): warning C4273: 'modbus_get_slave': inconsistent dll linkage
D:\Projects\Privat\Modbus\libmodbus\modbus.h(188,16): message : see previous definition of 'modbus_get_slave'
D:\Projects\Privat\Modbus\libmodbus\modbus.c(1739,5): warning C4273: 'modbus_set_error_recovery': inconsistent dll linkage
D:\Projects\Privat\Modbus\libmodbus\modbus.h(189,16): message : see previous definition of 'modbus_set_error_recovery'
D:\Projects\Privat\Modbus\libmodbus\modbus.c(1752,5): warning C4273: 'modbus_set_socket': inconsistent dll linkage
D:\Projects\Privat\Modbus\libmodbus\modbus.h(191,16): message : see previous definition of 'modbus_set_socket'
D:\Projects\Privat\Modbus\libmodbus\modbus.c(1763,5): warning C4273: 'modbus_get_socket': inconsistent dll linkage
D:\Projects\Privat\Modbus\libmodbus\modbus.h(192,16): message : see previous definition of 'modbus_get_socket'
D:\Projects\Privat\Modbus\libmodbus\modbus.c(1774,5): warning C4273: 'modbus_get_response_timeout': inconsistent dll linkage
D:\Projects\Privat\Modbus\libmodbus\modbus.h(195,1): message : see previous definition of 'modbus_get_response_timeout'
D:\Projects\Privat\Modbus\libmodbus\modbus.c(1786,5): warning C4273: 'modbus_set_response_timeout': inconsistent dll linkage
D:\Projects\Privat\Modbus\libmodbus\modbus.h(197,1): message : see previous definition of 'modbus_set_response_timeout'
D:\Projects\Privat\Modbus\libmodbus\modbus.c(1799,5): warning C4273: 'modbus_get_byte_timeout': inconsistent dll linkage
D:\Projects\Privat\Modbus\libmodbus\modbus.h(200,1): message : see previous definition of 'modbus_get_byte_timeout'
D:\Projects\Privat\Modbus\libmodbus\modbus.c(1811,5): warning C4273: 'modbus_set_byte_timeout': inconsistent dll linkage
D:\Projects\Privat\Modbus\libmodbus\modbus.h(201,16): message : see previous definition of 'modbus_set_byte_timeout'
D:\Projects\Privat\Modbus\libmodbus\modbus.c(1825,5): warning C4273: 'modbus_get_indication_timeout': inconsistent dll linkage
D:\Projects\Privat\Modbus\libmodbus\modbus.h(204,1): message : see previous definition of 'modbus_get_indication_timeout'
D:\Projects\Privat\Modbus\libmodbus\modbus.c(1837,5): warning C4273: 'modbus_set_indication_timeout': inconsistent dll linkage
D:\Projects\Privat\Modbus\libmodbus\modbus.h(206,1): message : see previous definition of 'modbus_set_indication_timeout'
D:\Projects\Privat\Modbus\libmodbus\modbus.c(1850,5): warning C4273: 'modbus_get_header_length': inconsistent dll linkage
D:\Projects\Privat\Modbus\libmodbus\modbus.h(208,16): message : see previous definition of 'modbus_get_header_length'
D:\Projects\Privat\Modbus\libmodbus\modbus.c(1860,5): warning C4273: 'modbus_enable_quirks': inconsistent dll linkage
D:\Projects\Privat\Modbus\libmodbus\modbus.h(270,16): message : see previous definition of 'modbus_enable_quirks'
D:\Projects\Privat\Modbus\libmodbus\modbus.c(1872,5): warning C4273: 'modbus_disable_quirks': inconsistent dll linkage
D:\Projects\Privat\Modbus\libmodbus\modbus.h(271,16): message : see previous definition of 'modbus_disable_quirks'
D:\Projects\Privat\Modbus\libmodbus\modbus.c(1884,5): warning C4273: 'modbus_connect': inconsistent dll linkage
D:\Projects\Privat\Modbus\libmodbus\modbus.h(210,16): message : see previous definition of 'modbus_connect'
D:\Projects\Privat\Modbus\libmodbus\modbus.c(1894,6): warning C4273: 'modbus_close': inconsistent dll linkage
D:\Projects\Privat\Modbus\libmodbus\modbus.h(211,17): message : see previous definition of 'modbus_close'
D:\Projects\Privat\Modbus\libmodbus\modbus.c(1902,6): warning C4273: 'modbus_free': inconsistent dll linkage
D:\Projects\Privat\Modbus\libmodbus\modbus.h(213,17): message : see previous definition of 'modbus_free'
D:\Projects\Privat\Modbus\libmodbus\modbus.c(1910,5): warning C4273: 'modbus_set_debug': inconsistent dll linkage
D:\Projects\Privat\Modbus\libmodbus\modbus.h(216,16): message : see previous definition of 'modbus_set_debug'
D:\Projects\Privat\Modbus\libmodbus\modbus.c(1927,19): warning C4273: 'modbus_mapping_new_start_address': inconsistent dll linkage
D:\Projects\Privat\Modbus\libmodbus\modbus.h(242,1): message : see previous definition of 'modbus_mapping_new_start_address'
D:\Projects\Privat\Modbus\libmodbus\modbus.c(2010,19): warning C4273: 'modbus_mapping_new': inconsistent dll linkage
D:\Projects\Privat\Modbus\libmodbus\modbus.h(251,30): message : see previous definition of 'modbus_mapping_new'
D:\Projects\Privat\Modbus\libmodbus\modbus.c(2020,6): warning C4273: 'modbus_mapping_free': inconsistent dll linkage
D:\Projects\Privat\Modbus\libmodbus\modbus.h(255,17): message : see previous definition of 'modbus_mapping_free'
  Generating Code...
  Modbus.cpp
x64\Debug\Modbus.obj : warning LNK4042: object specified more than once; extras ignored
     Creating library D:\Projects\Privat\Modbus\x64\Debug\Modbus.lib and object D:\Projects\Privat\Modbus\x64\Debug\Modbus.exp
modbus-rtu.obj : error LNK2019: unresolved external symbol __imp_modbus_free referenced in function modbus_new_rtu
modbus-tcp.obj : error LNK2001: unresolved external symbol __imp_modbus_free
modbus-rtu.obj : error LNK2019: unresolved external symbol _modbus_init_common referenced in function modbus_new_rtu
modbus-tcp.obj : error LNK2001: unresolved external symbol _modbus_init_common
modbus-rtu.obj : error LNK2019: unresolved external symbol _modbus_receive_msg referenced in function _modbus_rtu_receive
modbus-tcp.obj : error LNK2001: unresolved external symbol _modbus_receive_msg
modbus-tcp.obj : error LNK2019: unresolved external symbol strlcpy referenced in function modbus_new_tcp
D:\Projects\Privat\Modbus\x64\Debug\Modbus.exe : fatal error LNK1120: 4 unresolved externals
